<?xml version="1.0" encoding="UTF-8"?>
<!-- Generated by org.testng.reporters.JUnitReportReporter -->
<testsuite skipped="0" hostname="LAPTOP-JPIQIEKM" name="learnSelenium.KeypressDemo1" tests="1" failures="0" timestamp="04 Jun 2019 10:48:22 GMT" time="10.873" errors="0">
  <testcase name="test" time="10.873" classname="learnSelenium.KeypressDemo1"/>
</testsuite> <!-- learnSelenium.KeypressDemo1 -->
